{"body":{"description":"added the dependencies","dueDate":"25/10/2024","taskId":1,"title":"initializing project","userId":1},"level":"info","message":"POST /add","service":"user-service"}
{"body":{"description":"added the dependencies","dueDate":"25/10/2024","taskId":1,"title":"initializing project","userId":1},"level":"info","message":"POST /add","service":"user-service"}
{"body":{"description":"added the dependencies","dueDate":"25/10/2024","taskId":1,"title":"initializing project","userId":1},"level":"info","message":"POST /add","service":"user-service"}
{"body":{"description":"added the dependencies","dueDate":"25/10/2024","taskId":1,"title":"initializing project","userId":1},"level":"info","message":"POST /add","service":"user-service"}
{"body":{"description":"added the dependencies","dueDate":"25/10/2024","taskId":1,"title":"initializing project","userId":1},"level":"info","message":"POST /add","service":"user-service"}
{"body":{"description":"added the dependencies","dueDate":"25/10/2024","taskId":1,"title":"initializing project","userId":1},"level":"info","message":"POST /add","service":"user-service"}
{"body":{"description":"added the dependencies","dueDate":"25/10/2024","taskId":1,"title":"initializing project","userId":1},"level":"info","message":"POST /add","service":"user-service"}
{"body":{"description":"added the dependencies","dueDate":"25/10/2024","taskId":1,"title":"initializing project","userId":1},"level":"info","message":"POST /add","service":"user-service"}
{"body":{"description":"added the dependencies","dueDate":"25/10/2024","taskId":1,"title":"initializing project","userId":1},"level":"info","message":"POST /add","service":"user-service"}
{"body":{"description":"added the dependencies","dueDate":"25/10/2024","taskId":1,"title":"initializing project","userId":1},"level":"info","message":"POST /add","service":"user-service"}
{"body":{"description":"added the dependencies","dueDate":"2024-10-25","taskId":1,"title":"initializing project","userId":1},"level":"info","message":"POST /add","service":"user-service"}
{"body":{"description":"added the static part of navbar","dueDate":"2025-11-26","taskId":2,"title":"initializing navbar","userId":1},"level":"info","message":"POST /add","service":"user-service"}
{"body":{"description":"added the animation and effect on navbar","dueDate":"2025-07-26","taskId":3,"title":"adding animation navbar","userId":1},"level":"info","message":"POST /add","service":"user-service"}
{"body":{"description":"installed the dependicies and added the route of the different page","dueDate":"2024-07-26","taskId":4,"title":"added routes on navbar","userId":1},"level":"info","message":"POST /add","service":"user-service"}
{"body":{"email":"jagadish@gmail.com","password":"jagadish"},"level":"info","message":"GET /user/20","service":"user-service"}
{"body":{"email":"jagadish@gmail.com","password":"jagadish"},"level":"info","message":"GET /user/20","service":"user-service"}
{"body":{"email":"jagadish@gmail.com","password":"jagadish"},"level":"info","message":"GET /user/20","service":"user-service"}
{"body":{"email":"jagadish@gmail.com","password":"jagadish"},"level":"info","message":"GET /user/20","service":"user-service"}
{"body":{},"level":"info","message":"GET /admin","service":"user-service"}
{"body":{},"level":"info","message":"GET /admin","service":"user-service"}
{"body":{},"level":"info","message":"GET /admin","service":"user-service"}
{"body":{},"level":"info","message":"GET /admin","service":"user-service"}
{"body":{},"level":"info","message":"GET /admin","service":"user-service"}
{"body":{},"level":"info","message":"GET /admin","service":"user-service"}
{"body":{},"level":"info","message":"GET /admin","service":"user-service"}
{"body":{},"level":"info","message":"GET /admin","service":"user-service"}
{"body":{},"level":"info","message":"GET /admin","service":"user-service"}
{"body":{},"level":"info","message":"GET /admin","service":"user-service"}
{"body":{},"level":"info","message":"GET /admin","service":"user-service"}
{"body":{},"level":"info","message":"GET /admin","service":"user-service"}
{"body":{},"level":"info","message":"GET /admin","service":"user-service"}
{"body":{},"level":"info","message":"GET /admin","service":"user-service"}
{"body":{},"level":"info","message":"GET /admin","service":"user-service"}
{"body":{},"level":"info","message":"GET /admin","service":"user-service"}
{"body":{},"level":"info","message":"GET /admin","service":"user-service"}
{"body":{},"level":"info","message":"GET /admin","service":"user-service"}
{"body":{},"level":"info","message":"GET /admin","service":"user-service"}
{"body":{},"level":"info","message":"GET /admin","service":"user-service"}
{"body":{},"level":"info","message":"GET /admin","service":"user-service"}
{"body":{},"level":"info","message":"GET /admin","service":"user-service"}
{"body":{},"level":"info","message":"GET /admin","service":"user-service"}
{"body":{},"level":"info","message":"GET /admin","service":"user-service"}
{"body":{},"level":"info","message":"GET /admin","service":"user-service"}
{"body":{},"level":"info","message":"GET /admin","service":"user-service"}
{"body":{},"level":"info","message":"GET /admin","service":"user-service"}
{"body":{},"level":"info","message":"GET /admin","service":"user-service"}
{"body":{},"level":"info","message":"GET /admin","service":"user-service"}
{"body":{},"level":"info","message":"GET /admin","service":"user-service"}
{"body":{},"level":"info","message":"GET /admin","service":"user-service"}
{"body":{},"level":"info","message":"GET /admin","service":"user-service"}
{"body":{},"level":"info","message":"GET /admin","service":"user-service"}
{"body":{},"level":"info","message":"GET /admin","service":"user-service"}
{"body":{},"level":"info","message":"GET /admin","service":"user-service"}
{"body":{},"level":"info","message":"GET /admin","service":"user-service"}
{"body":{},"level":"info","message":"GET /admin","service":"user-service"}
{"body":{},"level":"info","message":"GET /admin","service":"user-service"}
{"body":{},"level":"info","message":"GET /admin","service":"user-service"}
{"body":{},"level":"info","message":"GET /admin","service":"user-service"}
{"body":{},"level":"info","message":"GET /admin","service":"user-service"}
{"body":{},"level":"info","message":"GET /admin","service":"user-service"}
{"body":{},"level":"info","message":"GET /admin","service":"user-service"}
{"body":{},"level":"info","message":"GET /admin","service":"user-service"}
{"body":{},"level":"info","message":"GET /admin","service":"user-service"}
{"body":{},"level":"info","message":"GET /admin","service":"user-service"}
{"body":{},"level":"info","message":"GET /admin","service":"user-service"}
{"body":{},"level":"info","message":"GET /admin","service":"user-service"}
{"body":{},"level":"info","message":"GET /admin","service":"user-service"}
{"body":{"email":"pratik@gmail.com","password":"pratik"},"level":"info","message":"GET /users","service":"user-service"}
{"body":{},"level":"info","message":"GET /admin","service":"user-service"}
{"body":{},"level":"info","message":"GET /users","service":"user-service"}
{"body":{},"level":"info","message":"GET /admin","service":"user-service"}
{"body":{},"level":"info","message":"GET /users","service":"user-service"}
{"body":{},"level":"info","message":"GET /admin","service":"user-service"}
{"body":{},"level":"info","message":"GET /users","service":"user-service"}
{"body":{},"level":"info","message":"GET /admin","service":"user-service"}
{"body":{},"level":"info","message":"GET /users","service":"user-service"}
{"body":{},"level":"info","message":"GET /admin","service":"user-service"}
{"body":{},"level":"info","message":"GET /users","service":"user-service"}
{"body":{},"level":"info","message":"GET /admin","service":"user-service"}
{"body":{},"level":"info","message":"GET /users","service":"user-service"}
{"body":{},"level":"info","message":"GET /admin","service":"user-service"}
{"body":{},"level":"info","message":"GET /users","service":"user-service"}
{"body":{},"level":"info","message":"GET /admin","service":"user-service"}
{"body":{},"level":"info","message":"GET /users","service":"user-service"}
{"body":{},"level":"info","message":"GET /admin","service":"user-service"}
{"body":{},"level":"info","message":"GET /users","service":"user-service"}
{"body":{},"level":"info","message":"GET /admin","service":"user-service"}
{"body":{},"level":"info","message":"GET /users","service":"user-service"}
{"body":{},"level":"info","message":"GET /admin","service":"user-service"}
{"body":{},"level":"info","message":"GET /users","service":"user-service"}
{"body":{},"level":"info","message":"GET /admin","service":"user-service"}
{"body":{},"level":"info","message":"GET /users","service":"user-service"}
{"body":{},"level":"info","message":"GET /admin","service":"user-service"}
{"body":{},"level":"info","message":"GET /users","service":"user-service"}
{"body":{},"level":"info","message":"GET /admin","service":"user-service"}
{"body":{},"level":"info","message":"GET /users","service":"user-service"}
{"body":{},"level":"info","message":"GET /admin","service":"user-service"}
{"body":{},"level":"info","message":"GET /users","service":"user-service"}
{"body":{},"level":"info","message":"GET /admin","service":"user-service"}
{"body":{},"level":"info","message":"GET /users","service":"user-service"}
{"body":{},"level":"info","message":"GET /admin","service":"user-service"}
{"body":{},"level":"info","message":"GET /users","service":"user-service"}
{"body":{},"level":"info","message":"GET /admin","service":"user-service"}
{"body":{},"level":"info","message":"GET /users","service":"user-service"}
{"body":{},"level":"info","message":"GET /admin","service":"user-service"}
{"body":{},"level":"info","message":"GET /users","service":"user-service"}
{"body":{},"level":"info","message":"GET /admin","service":"user-service"}
{"body":{},"level":"info","message":"GET /users","service":"user-service"}
{"body":{},"level":"info","message":"GET /admin","service":"user-service"}
{"body":{},"level":"info","message":"GET /users","service":"user-service"}
{"body":{},"level":"info","message":"GET /admin","service":"user-service"}
{"body":{},"level":"info","message":"GET /users","service":"user-service"}
{"body":{},"level":"info","message":"GET /admin","service":"user-service"}
{"body":{},"level":"info","message":"GET /users","service":"user-service"}
{"body":{},"level":"info","message":"GET /admin","service":"user-service"}
{"body":{},"level":"info","message":"GET /users","service":"user-service"}
{"body":{},"level":"info","message":"GET /admin","service":"user-service"}
{"body":{},"level":"info","message":"GET /users","service":"user-service"}
{"body":{},"level":"info","message":"GET /admin","service":"user-service"}
{"body":{},"level":"info","message":"GET /users","service":"user-service"}
{"body":{},"level":"info","message":"GET /admin","service":"user-service"}
{"body":{},"level":"info","message":"GET /users","service":"user-service"}
{"body":{},"level":"info","message":"GET /admin","service":"user-service"}
{"body":{},"level":"info","message":"GET /users","service":"user-service"}
{"body":{},"level":"info","message":"GET /admin","service":"user-service"}
{"body":{},"level":"info","message":"GET /users","service":"user-service"}
{"body":{},"level":"info","message":"GET /admin","service":"user-service"}
{"body":{},"level":"info","message":"GET /users","service":"user-service"}
{"body":{},"level":"info","message":"GET /admin","service":"user-service"}
{"body":{},"level":"info","message":"GET /users","service":"user-service"}
{"body":{},"level":"info","message":"GET /admin","service":"user-service"}
{"body":{},"level":"info","message":"GET /users","service":"user-service"}
{"body":{},"level":"info","message":"GET /admin","service":"user-service"}
{"body":{},"level":"info","message":"GET /users","service":"user-service"}
{"body":{},"level":"info","message":"GET /admin","service":"user-service"}
{"body":{},"level":"info","message":"GET /users","service":"user-service"}
{"body":{},"level":"info","message":"GET /admin","service":"user-service"}
{"body":{},"level":"info","message":"GET /users","service":"user-service"}
{"body":{},"level":"info","message":"GET /admin","service":"user-service"}
{"body":{},"level":"info","message":"GET /users","service":"user-service"}
{"body":{},"level":"info","message":"GET /admin","service":"user-service"}
{"body":{},"level":"info","message":"GET /users","service":"user-service"}
{"body":{},"level":"info","message":"GET /admin","service":"user-service"}
{"body":{},"level":"info","message":"GET /users","service":"user-service"}
{"body":{},"level":"info","message":"GET /admin","service":"user-service"}
{"body":{},"level":"info","message":"GET /users","service":"user-service"}
{"body":{},"level":"info","message":"GET /admin","service":"user-service"}
{"body":{},"level":"info","message":"GET /users","service":"user-service"}
{"body":{},"level":"info","message":"GET /admin","service":"user-service"}
{"body":{},"level":"info","message":"GET /users","service":"user-service"}
{"body":{},"level":"info","message":"GET /admin","service":"user-service"}
{"body":{},"level":"info","message":"GET /users","service":"user-service"}
{"body":{},"level":"info","message":"GET /admin","service":"user-service"}
{"body":{},"level":"info","message":"GET /users","service":"user-service"}
{"body":{},"level":"info","message":"GET /admin","service":"user-service"}
{"body":{},"level":"info","message":"GET /users","service":"user-service"}
{"body":{},"level":"info","message":"GET /admin","service":"user-service"}
{"body":{},"level":"info","message":"GET /users","service":"user-service"}
{"body":{},"level":"info","message":"GET /admin","service":"user-service"}
{"body":{},"level":"info","message":"GET /users","service":"user-service"}
{"body":{},"level":"info","message":"GET /admin","service":"user-service"}
{"body":{},"level":"info","message":"GET /users","service":"user-service"}
{"body":{},"level":"info","message":"GET /admin","service":"user-service"}
{"body":{},"level":"info","message":"GET /users","service":"user-service"}
{"body":{},"level":"info","message":"GET /admin","service":"user-service"}
{"body":{},"level":"info","message":"GET /users","service":"user-service"}
{"body":{},"level":"info","message":"GET /admin","service":"user-service"}
{"body":{},"level":"info","message":"GET /users","service":"user-service"}
{"body":{},"level":"info","message":"GET /admin","service":"user-service"}
{"body":{},"level":"info","message":"GET /users","service":"user-service"}
{"body":{},"level":"info","message":"GET /admin","service":"user-service"}
{"body":{},"level":"info","message":"GET /users","service":"user-service"}
{"body":{},"level":"info","message":"GET /admin","service":"user-service"}
{"body":{},"level":"info","message":"GET /users","service":"user-service"}
{"body":{},"level":"info","message":"GET /admin","service":"user-service"}
{"body":{},"level":"info","message":"GET /users","service":"user-service"}
{"body":{},"level":"info","message":"GET /admin","service":"user-service"}
{"body":{},"level":"info","message":"GET /users","service":"user-service"}
{"body":{},"level":"info","message":"GET /admin","service":"user-service"}
{"body":{},"level":"info","message":"GET /users","service":"user-service"}
{"body":{},"level":"info","message":"GET /admin","service":"user-service"}
{"body":{},"level":"info","message":"GET /users","service":"user-service"}
{"body":{},"level":"info","message":"GET /admin","service":"user-service"}
{"body":{},"level":"info","message":"GET /users","service":"user-service"}
{"body":{},"level":"info","message":"GET /admin","service":"user-service"}
{"body":{},"level":"info","message":"GET /users","service":"user-service"}
{"body":{},"level":"info","message":"GET /admin","service":"user-service"}
{"body":{},"level":"info","message":"GET /users","service":"user-service"}
{"body":{},"level":"info","message":"GET /admin","service":"user-service"}
{"body":{},"level":"info","message":"GET /users","service":"user-service"}
{"body":{},"level":"info","message":"GET /admin","service":"user-service"}
{"body":{},"level":"info","message":"GET /users","service":"user-service"}
{"body":{},"level":"info","message":"GET /admin","service":"user-service"}
{"body":{},"level":"info","message":"GET /users","service":"user-service"}
{"body":{},"level":"info","message":"GET /admin","service":"user-service"}
{"body":{},"level":"info","message":"GET /users","service":"user-service"}
{"body":{},"level":"info","message":"GET /admin","service":"user-service"}
{"body":{},"level":"info","message":"GET /users","service":"user-service"}
{"body":{},"level":"info","message":"GET /admin","service":"user-service"}
{"body":{},"level":"info","message":"GET /users","service":"user-service"}
{"body":{},"level":"info","message":"GET /admin","service":"user-service"}
{"body":{},"level":"info","message":"GET /users","service":"user-service"}
{"body":{},"level":"info","message":"GET /admin","service":"user-service"}
{"body":{},"level":"info","message":"GET /users","service":"user-service"}
{"body":{},"level":"info","message":"GET /admin","service":"user-service"}
{"body":{},"level":"info","message":"GET /users","service":"user-service"}
{"body":{},"level":"info","message":"GET /admin","service":"user-service"}
{"body":{},"level":"info","message":"GET /users","service":"user-service"}
{"body":{},"level":"info","message":"GET /admin","service":"user-service"}
{"body":{},"level":"info","message":"GET /users","service":"user-service"}
{"body":{},"level":"info","message":"GET /admin","service":"user-service"}
{"body":{},"level":"info","message":"GET /users","service":"user-service"}
{"body":{},"level":"info","message":"GET /admin","service":"user-service"}
{"body":{},"level":"info","message":"GET /users","service":"user-service"}
{"body":{},"level":"info","message":"GET /admin","service":"user-service"}
{"body":{},"level":"info","message":"GET /users","service":"user-service"}
{"body":{},"level":"info","message":"GET /admin","service":"user-service"}
{"body":{},"level":"info","message":"GET /users","service":"user-service"}
{"body":{},"level":"info","message":"GET /admin","service":"user-service"}
{"body":{},"level":"info","message":"GET /users","service":"user-service"}
{"body":{},"level":"info","message":"GET /admin","service":"user-service"}
{"body":{},"level":"info","message":"GET /users","service":"user-service"}
{"body":{},"level":"info","message":"GET /admin","service":"user-service"}
{"body":{},"level":"info","message":"GET /users","service":"user-service"}
{"body":{},"level":"info","message":"GET /admin","service":"user-service"}
{"body":{},"level":"info","message":"GET /users","service":"user-service"}
{"body":{},"level":"info","message":"GET /admin","service":"user-service"}
{"body":{},"level":"info","message":"GET /users","service":"user-service"}
{"body":{},"level":"info","message":"GET /admin","service":"user-service"}
{"body":{},"level":"info","message":"GET /users","service":"user-service"}
{"body":{},"level":"info","message":"GET /admin","service":"user-service"}
{"body":{},"level":"info","message":"GET /users","service":"user-service"}
{"body":{},"level":"info","message":"GET /admin","service":"user-service"}
{"body":{},"level":"info","message":"GET /users","service":"user-service"}
{"body":{},"level":"info","message":"GET /admin","service":"user-service"}
{"body":{},"level":"info","message":"GET /users","service":"user-service"}
{"body":{},"level":"info","message":"GET /admin","service":"user-service"}
{"body":{},"level":"info","message":"GET /users","service":"user-service"}
{"body":{},"level":"info","message":"GET /admin","service":"user-service"}
{"body":{},"level":"info","message":"GET /users","service":"user-service"}
{"body":{},"level":"info","message":"GET /admin","service":"user-service"}
{"body":{},"level":"info","message":"GET /users","service":"user-service"}
{"body":{},"level":"info","message":"GET /admin","service":"user-service"}
{"body":{},"level":"info","message":"GET /users","service":"user-service"}
{"body":{},"level":"info","message":"GET /admin","service":"user-service"}
{"body":{},"level":"info","message":"GET /users","service":"user-service"}
{"body":{},"level":"info","message":"GET /admin","service":"user-service"}
{"body":{},"level":"info","message":"GET /users","service":"user-service"}
{"body":{},"level":"info","message":"GET /admin","service":"user-service"}
{"body":{},"level":"info","message":"GET /users","service":"user-service"}
{"body":{},"level":"info","message":"GET /admin","service":"user-service"}
{"body":{},"level":"info","message":"GET /users","service":"user-service"}
{"body":{},"level":"info","message":"GET /admin","service":"user-service"}
{"body":{},"level":"info","message":"GET /users","service":"user-service"}
{"body":{},"level":"info","message":"GET /admin","service":"user-service"}
{"body":{},"level":"info","message":"GET /users","service":"user-service"}
{"body":{},"level":"info","message":"GET /admin","service":"user-service"}
{"body":{},"level":"info","message":"GET /users","service":"user-service"}
{"body":{},"level":"info","message":"GET /admin","service":"user-service"}
{"body":{},"level":"info","message":"GET /users","service":"user-service"}
{"body":{},"level":"info","message":"GET /admin","service":"user-service"}
{"body":{},"level":"info","message":"GET /users","service":"user-service"}
{"body":{},"level":"info","message":"GET /admin","service":"user-service"}
{"body":{},"level":"info","message":"GET /users","service":"user-service"}
{"body":{},"level":"info","message":"GET /admin","service":"user-service"}
{"body":{},"level":"info","message":"GET /users","service":"user-service"}
{"body":{},"level":"info","message":"GET /admin","service":"user-service"}
{"body":{},"level":"info","message":"GET /users","service":"user-service"}
{"body":{},"level":"info","message":"GET /admin","service":"user-service"}
{"body":{},"level":"info","message":"GET /users","service":"user-service"}
{"body":{},"level":"info","message":"GET /admin","service":"user-service"}
{"body":{},"level":"info","message":"GET /users","service":"user-service"}
{"body":{},"level":"info","message":"GET /admin","service":"user-service"}
{"body":{},"level":"info","message":"GET /users","service":"user-service"}
{"body":{},"level":"info","message":"GET /admin","service":"user-service"}
{"body":{},"level":"info","message":"GET /users","service":"user-service"}
{"body":{},"level":"info","message":"GET /admin","service":"user-service"}
{"body":{},"level":"info","message":"GET /users","service":"user-service"}
{"body":{},"level":"info","message":"GET /admin","service":"user-service"}
{"body":{},"level":"info","message":"GET /users","service":"user-service"}
{"body":{},"level":"info","message":"GET /admin","service":"user-service"}
{"body":{},"level":"info","message":"GET /users","service":"user-service"}
{"body":{},"level":"info","message":"GET /admin","service":"user-service"}
{"body":{},"level":"info","message":"GET /users","service":"user-service"}
{"body":{},"level":"info","message":"GET /admin","service":"user-service"}
{"body":{},"level":"info","message":"GET /users","service":"user-service"}
{"body":{},"level":"info","message":"GET /admin","service":"user-service"}
{"body":{},"level":"info","message":"GET /users","service":"user-service"}
{"body":{},"level":"info","message":"GET /admin","service":"user-service"}
{"body":{},"level":"info","message":"GET /users","service":"user-service"}
{"body":{},"level":"info","message":"GET /admin","service":"user-service"}
{"body":{},"level":"info","message":"GET /users","service":"user-service"}
{"body":{},"level":"info","message":"GET /admin","service":"user-service"}
{"body":{},"level":"info","message":"GET /users","service":"user-service"}
{"body":{},"level":"info","message":"GET /admin","service":"user-service"}
{"body":{},"level":"info","message":"GET /users","service":"user-service"}
{"body":{},"level":"info","message":"GET /admin","service":"user-service"}
{"body":{},"level":"info","message":"GET /users","service":"user-service"}
{"body":{},"level":"info","message":"GET /admin","service":"user-service"}
{"body":{},"level":"info","message":"GET /users","service":"user-service"}
{"body":{},"level":"info","message":"GET /admin","service":"user-service"}
{"body":{},"level":"info","message":"GET /users","service":"user-service"}
{"body":{},"level":"info","message":"GET /admin","service":"user-service"}
{"body":{},"level":"info","message":"GET /users","service":"user-service"}
{"body":{},"level":"info","message":"GET /admin","service":"user-service"}
{"body":{},"level":"info","message":"GET /users","service":"user-service"}
{"body":{},"level":"info","message":"GET /admin","service":"user-service"}
{"body":{},"level":"info","message":"GET /users","service":"user-service"}
{"body":{},"level":"info","message":"GET /admin","service":"user-service"}
{"body":{},"level":"info","message":"GET /users","service":"user-service"}
{"body":{},"level":"info","message":"GET /admin","service":"user-service"}
{"body":{},"level":"info","message":"GET /users","service":"user-service"}
{"body":{},"level":"info","message":"GET /admin","service":"user-service"}
{"body":{},"level":"info","message":"GET /users","service":"user-service"}
{"body":{},"level":"info","message":"GET /admin","service":"user-service"}
{"body":{},"level":"info","message":"GET /users","service":"user-service"}
{"body":{},"level":"info","message":"GET /admin","service":"user-service"}
{"body":{},"level":"info","message":"GET /users","service":"user-service"}
{"body":{},"level":"info","message":"GET /admin","service":"user-service"}
{"body":{},"level":"info","message":"GET /users","service":"user-service"}
{"body":{},"level":"info","message":"GET /admin","service":"user-service"}
{"body":{},"level":"info","message":"GET /users","service":"user-service"}
{"body":{},"level":"info","message":"GET /admin","service":"user-service"}
{"body":{},"level":"info","message":"GET /users","service":"user-service"}
{"body":{},"level":"info","message":"GET /admin","service":"user-service"}
{"body":{},"level":"info","message":"GET /users","service":"user-service"}
{"body":{},"level":"info","message":"GET /admin","service":"user-service"}
{"body":{},"level":"info","message":"GET /users","service":"user-service"}
{"body":{},"level":"info","message":"GET /admin","service":"user-service"}
{"body":{},"level":"info","message":"GET /users","service":"user-service"}
{"body":{},"level":"info","message":"GET /admin","service":"user-service"}
{"body":{},"level":"info","message":"GET /users","service":"user-service"}
{"body":{},"level":"info","message":"GET /admin","service":"user-service"}
{"body":{},"level":"info","message":"GET /users","service":"user-service"}
{"body":{},"level":"info","message":"GET /admin","service":"user-service"}
{"body":{},"level":"info","message":"GET /users","service":"user-service"}
{"body":{},"level":"info","message":"GET /admin","service":"user-service"}
{"body":{},"level":"info","message":"GET /users","service":"user-service"}
{"body":{},"level":"info","message":"GET /admin","service":"user-service"}
{"body":{},"level":"info","message":"GET /users","service":"user-service"}
{"body":{},"level":"info","message":"GET /admin","service":"user-service"}
{"body":{},"level":"info","message":"GET /users","service":"user-service"}
{"body":{},"level":"info","message":"GET /admin","service":"user-service"}
{"body":{},"level":"info","message":"GET /users","service":"user-service"}
{"body":{},"level":"info","message":"GET /admin","service":"user-service"}
{"body":{},"level":"info","message":"GET /users","service":"user-service"}
{"body":{},"level":"info","message":"GET /admin","service":"user-service"}
{"body":{},"level":"info","message":"GET /users","service":"user-service"}
{"body":{},"level":"info","message":"GET /admin","service":"user-service"}
{"body":{},"level":"info","message":"GET /users","service":"user-service"}
{"body":{},"level":"info","message":"GET /admin","service":"user-service"}
{"body":{},"level":"info","message":"GET /users","service":"user-service"}
{"body":{},"level":"info","message":"GET /users","service":"user-service"}
{"body":{},"level":"info","message":"GET /admin","service":"user-service"}
{"body":{},"level":"info","message":"GET /admin","service":"user-service"}
{"body":{},"level":"info","message":"GET /users","service":"user-service"}
{"body":{},"level":"info","message":"GET /admin","service":"user-service"}
{"body":{},"level":"info","message":"GET /users","service":"user-service"}
{"body":{},"level":"info","message":"GET /admin","service":"user-service"}
{"body":{},"level":"info","message":"GET /users","service":"user-service"}
{"body":{},"level":"info","message":"GET /admin","service":"user-service"}
{"body":{},"level":"info","message":"GET /users","service":"user-service"}
{"body":{},"level":"info","message":"GET /admin","service":"user-service"}
{"body":{},"level":"info","message":"GET /users","service":"user-service"}
{"body":{},"level":"info","message":"GET /admin","service":"user-service"}
{"body":{},"level":"info","message":"GET /users","service":"user-service"}
{"body":{},"level":"info","message":"GET /admin","service":"user-service"}
{"body":{},"level":"info","message":"GET /users","service":"user-service"}
{"body":{},"level":"info","message":"GET /admin","service":"user-service"}
{"body":{},"level":"info","message":"GET /users","service":"user-service"}
{"body":{},"level":"info","message":"GET /admin","service":"user-service"}
{"body":{},"level":"info","message":"GET /users","service":"user-service"}
{"body":{},"level":"info","message":"GET /admin","service":"user-service"}
{"body":{},"level":"info","message":"GET /users","service":"user-service"}
{"body":{},"level":"info","message":"GET /admin","service":"user-service"}
{"body":{},"level":"info","message":"GET /users","service":"user-service"}
{"body":{},"level":"info","message":"GET /admin","service":"user-service"}
{"body":{},"level":"info","message":"GET /users","service":"user-service"}
{"body":{},"level":"info","message":"GET /admin","service":"user-service"}
{"body":{},"level":"info","message":"GET /users","service":"user-service"}
{"body":{},"level":"info","message":"GET /admin","service":"user-service"}
{"body":{},"level":"info","message":"GET /users","service":"user-service"}
{"body":{},"level":"info","message":"GET /admin","service":"user-service"}
{"body":{},"level":"info","message":"GET /users","service":"user-service"}
{"body":{},"level":"info","message":"GET /admin","service":"user-service"}
{"body":{},"level":"info","message":"GET /users","service":"user-service"}
{"body":{},"level":"info","message":"GET /admin","service":"user-service"}
{"body":{},"level":"info","message":"GET /users","service":"user-service"}
{"body":{},"level":"info","message":"GET /admin","service":"user-service"}
{"body":{},"level":"info","message":"GET /users","service":"user-service"}
{"body":{},"level":"info","message":"GET /admin","service":"user-service"}
{"body":{},"level":"info","message":"GET /users","service":"user-service"}
{"body":{},"level":"info","message":"GET /admin","service":"user-service"}
{"body":{},"level":"info","message":"GET /users","service":"user-service"}
{"body":{},"level":"info","message":"GET /admin","service":"user-service"}
{"body":{},"level":"info","message":"GET /users","service":"user-service"}
{"body":{},"level":"info","message":"GET /admin","service":"user-service"}
{"body":{},"level":"info","message":"GET /users","service":"user-service"}
{"body":{},"level":"info","message":"GET /admin","service":"user-service"}
{"body":{},"level":"info","message":"GET /users","service":"user-service"}
{"body":{},"level":"info","message":"GET /admin","service":"user-service"}
{"body":{},"level":"info","message":"GET /users","service":"user-service"}
{"body":{},"level":"info","message":"GET /admin","service":"user-service"}
{"body":{},"level":"info","message":"GET /users","service":"user-service"}
{"body":{},"level":"info","message":"GET /admin","service":"user-service"}
{"body":{},"level":"info","message":"GET /users","service":"user-service"}
{"body":{},"level":"info","message":"GET /admin","service":"user-service"}
{"body":{},"level":"info","message":"GET /users","service":"user-service"}
{"body":{},"level":"info","message":"GET /admin","service":"user-service"}
{"body":{},"level":"info","message":"GET /users","service":"user-service"}
{"body":{},"level":"info","message":"GET /admin","service":"user-service"}
{"body":{},"level":"info","message":"GET /users","service":"user-service"}
{"body":{},"level":"info","message":"GET /admin","service":"user-service"}
{"body":{},"level":"info","message":"GET /users","service":"user-service"}
{"body":{},"level":"info","message":"GET /admin","service":"user-service"}
{"body":{},"level":"info","message":"GET /users","service":"user-service"}
{"body":{},"level":"info","message":"GET /admin","service":"user-service"}
{"body":{},"level":"info","message":"GET /users","service":"user-service"}
{"body":{},"level":"info","message":"GET /admin","service":"user-service"}
{"body":{},"level":"info","message":"GET /users","service":"user-service"}
{"body":{},"level":"info","message":"GET /admin","service":"user-service"}
{"body":{},"level":"info","message":"GET /users","service":"user-service"}
{"body":{},"level":"info","message":"GET /admin","service":"user-service"}
{"body":{},"level":"info","message":"GET /users","service":"user-service"}
{"body":{},"level":"info","message":"GET /admin","service":"user-service"}
{"body":{},"level":"info","message":"GET /users","service":"user-service"}
{"body":{},"level":"info","message":"GET /admin","service":"user-service"}
{"body":{},"level":"info","message":"GET /users","service":"user-service"}
{"body":{},"level":"info","message":"GET /admin","service":"user-service"}
{"body":{},"level":"info","message":"GET /users","service":"user-service"}
{"body":{},"level":"info","message":"GET /admin","service":"user-service"}
{"body":{},"level":"info","message":"GET /users","service":"user-service"}
{"body":{},"level":"info","message":"GET /admin","service":"user-service"}
{"body":{},"level":"info","message":"GET /users","service":"user-service"}
{"body":{},"level":"info","message":"GET /admin","service":"user-service"}
{"body":{},"level":"info","message":"GET /users","service":"user-service"}
{"body":{},"level":"info","message":"GET /admin","service":"user-service"}
{"body":{},"level":"info","message":"GET /users","service":"user-service"}
{"body":{},"level":"info","message":"GET /admin","service":"user-service"}
{"body":{},"level":"info","message":"GET /users","service":"user-service"}
{"body":{},"level":"info","message":"GET /admin","service":"user-service"}
{"body":{},"level":"info","message":"GET /users","service":"user-service"}
{"body":{},"level":"info","message":"GET /admin","service":"user-service"}
{"body":{},"level":"info","message":"GET /users","service":"user-service"}
{"body":{},"level":"info","message":"GET /admin","service":"user-service"}
{"body":{},"level":"info","message":"GET /users","service":"user-service"}
{"body":{},"level":"info","message":"GET /admin","service":"user-service"}
{"body":{},"level":"info","message":"GET /users","service":"user-service"}
{"body":{},"level":"info","message":"GET /admin","service":"user-service"}
{"body":{},"level":"info","message":"GET /users","service":"user-service"}
{"body":{},"level":"info","message":"GET /admin","service":"user-service"}
{"body":{},"level":"info","message":"GET /users","service":"user-service"}
{"body":{},"level":"info","message":"GET /admin","service":"user-service"}
{"body":{},"level":"info","message":"GET /users","service":"user-service"}
{"body":{},"level":"info","message":"GET /admin","service":"user-service"}
{"body":{},"level":"info","message":"GET /users","service":"user-service"}
{"body":{},"level":"info","message":"GET /admin","service":"user-service"}
{"body":{},"level":"info","message":"GET /users","service":"user-service"}
{"body":{},"level":"info","message":"GET /admin","service":"user-service"}
{"body":{},"level":"info","message":"GET /users","service":"user-service"}
{"body":{},"level":"info","message":"GET /admin","service":"user-service"}
{"body":{},"level":"info","message":"GET /users","service":"user-service"}
{"body":{},"level":"info","message":"GET /admin","service":"user-service"}
{"body":{},"level":"info","message":"GET /users","service":"user-service"}
{"body":{},"level":"info","message":"GET /admin","service":"user-service"}
{"body":{},"level":"info","message":"GET /users","service":"user-service"}
{"body":{},"level":"info","message":"GET /admin","service":"user-service"}
{"body":{},"level":"info","message":"GET /users","service":"user-service"}
{"body":{},"level":"info","message":"GET /admin","service":"user-service"}
{"body":{},"level":"info","message":"GET /users","service":"user-service"}
{"body":{},"level":"info","message":"GET /admin","service":"user-service"}
{"body":{},"level":"info","message":"GET /users","service":"user-service"}
{"body":{},"level":"info","message":"GET /admin","service":"user-service"}
{"body":{},"level":"info","message":"GET /users","service":"user-service"}
{"body":{},"level":"info","message":"GET /admin","service":"user-service"}
{"body":{},"level":"info","message":"GET /users","service":"user-service"}
{"body":{},"level":"info","message":"GET /admin","service":"user-service"}
{"body":{},"level":"info","message":"GET /users","service":"user-service"}
{"body":{},"level":"info","message":"GET /admin","service":"user-service"}
{"body":{},"level":"info","message":"GET /users","service":"user-service"}
{"body":{},"level":"info","message":"GET /admin","service":"user-service"}
{"body":{},"level":"info","message":"GET /users","service":"user-service"}
{"body":{},"level":"info","message":"GET /admin","service":"user-service"}
{"body":{},"level":"info","message":"GET /users","service":"user-service"}
{"body":{},"level":"info","message":"GET /admin","service":"user-service"}
{"body":{},"level":"info","message":"GET /users","service":"user-service"}
{"body":{},"level":"info","message":"GET /admin","service":"user-service"}
{"body":{},"level":"info","message":"GET /users","service":"user-service"}
{"body":{},"level":"info","message":"GET /admin","service":"user-service"}
{"body":{},"level":"info","message":"GET /users","service":"user-service"}
{"body":{},"level":"info","message":"GET /admin","service":"user-service"}
{"body":{},"level":"info","message":"GET /users","service":"user-service"}
{"body":{},"level":"info","message":"GET /admin","service":"user-service"}
{"body":{},"level":"info","message":"GET /users","service":"user-service"}
{"body":{},"level":"info","message":"GET /admin","service":"user-service"}
{"body":{},"level":"info","message":"GET /users","service":"user-service"}
{"body":{},"level":"info","message":"GET /admin","service":"user-service"}
{"body":{},"level":"info","message":"GET /users","service":"user-service"}
{"body":{},"level":"info","message":"GET /admin","service":"user-service"}
{"body":{},"level":"info","message":"GET /users","service":"user-service"}
{"body":{},"level":"info","message":"GET /admin","service":"user-service"}
{"body":{},"level":"info","message":"GET /users","service":"user-service"}
{"body":{},"level":"info","message":"GET /admin","service":"user-service"}
{"body":{},"level":"info","message":"GET /users","service":"user-service"}
{"body":{},"level":"info","message":"GET /admin","service":"user-service"}
{"body":{},"level":"info","message":"GET /users","service":"user-service"}
{"body":{},"level":"info","message":"GET /admin","service":"user-service"}
{"body":{},"level":"info","message":"GET /users","service":"user-service"}
{"body":{},"level":"info","message":"GET /admin","service":"user-service"}
{"body":{},"level":"info","message":"GET /users","service":"user-service"}
{"body":{},"level":"info","message":"GET /user/1","service":"user-service"}
{"body":{},"level":"info","message":"GET /user/1","service":"user-service"}
{"body":{},"level":"info","message":"GET /admin","service":"user-service"}
{"body":{},"level":"info","message":"GET /users","service":"user-service"}
{"body":{},"level":"info","message":"GET /admin","service":"user-service"}
{"body":{},"level":"info","message":"GET /users","service":"user-service"}
{"body":{},"level":"info","message":"GET /admin","service":"user-service"}
{"body":{},"level":"info","message":"GET /users","service":"user-service"}
{"body":{},"level":"info","message":"GET /user/6","service":"user-service"}
{"body":{},"level":"info","message":"GET /admin","service":"user-service"}
{"body":{},"level":"info","message":"GET /users","service":"user-service"}
{"body":{},"level":"info","message":"GET /admin","service":"user-service"}
{"body":{},"level":"info","message":"GET /users","service":"user-service"}
{"body":{},"level":"info","message":"GET /admin","service":"user-service"}
{"body":{},"level":"info","message":"GET /users","service":"user-service"}
{"body":{},"level":"info","message":"GET /admin","service":"user-service"}
{"body":{},"level":"info","message":"GET /users","service":"user-service"}
{"body":{},"level":"info","message":"GET /admin","service":"user-service"}
{"body":{},"level":"info","message":"GET /users","service":"user-service"}
{"body":{},"level":"info","message":"GET /user/3","service":"user-service"}
{"body":{},"level":"info","message":"GET /admin","service":"user-service"}
{"body":{},"level":"info","message":"GET /users","service":"user-service"}
{"body":{},"level":"info","message":"GET /admin","service":"user-service"}
{"body":{},"level":"info","message":"GET /users","service":"user-service"}
{"body":{},"level":"info","message":"GET /admin","service":"user-service"}
{"body":{},"level":"info","message":"GET /users","service":"user-service"}
{"body":{},"level":"info","message":"GET /user/1","service":"user-service"}
{"body":{},"level":"info","message":"GET /admin","service":"user-service"}
{"body":{},"level":"info","message":"GET /users","service":"user-service"}
{"body":{},"level":"info","message":"GET /admin","service":"user-service"}
{"body":{},"level":"info","message":"GET /users","service":"user-service"}
{"body":{},"level":"info","message":"GET /user/1","service":"user-service"}
{"body":{},"level":"info","message":"GET /admin","service":"user-service"}
{"body":{},"level":"info","message":"GET /users","service":"user-service"}
{"body":{},"level":"info","message":"GET /admin","service":"user-service"}
{"body":{},"level":"info","message":"GET /users","service":"user-service"}
{"body":{},"level":"info","message":"GET /admin","service":"user-service"}
{"body":{},"level":"info","message":"GET /users","service":"user-service"}
{"body":{},"level":"info","message":"GET /admin","service":"user-service"}
{"body":{},"level":"info","message":"GET /users","service":"user-service"}
{"body":{},"level":"info","message":"GET /admin","service":"user-service"}
{"body":{},"level":"info","message":"GET /users","service":"user-service"}
{"body":{},"level":"info","message":"GET /admin","service":"user-service"}
{"body":{},"level":"info","message":"GET /users","service":"user-service"}
{"body":{},"level":"info","message":"GET /admin","service":"user-service"}
{"body":{},"level":"info","message":"GET /users","service":"user-service"}
{"body":{},"level":"info","message":"GET /admin","service":"user-service"}
{"body":{},"level":"info","message":"GET /users","service":"user-service"}
{"body":{},"level":"info","message":"GET /admin","service":"user-service"}
{"body":{},"level":"info","message":"GET /users","service":"user-service"}
{"body":{},"level":"info","message":"GET /admin","service":"user-service"}
{"body":{},"level":"info","message":"GET /users","service":"user-service"}
{"body":{},"level":"info","message":"GET /admin","service":"user-service"}
{"body":{},"level":"info","message":"GET /users","service":"user-service"}
{"body":{},"level":"info","message":"GET /admin","service":"user-service"}
{"body":{},"level":"info","message":"GET /users","service":"user-service"}
{"body":{},"level":"info","message":"GET /admin","service":"user-service"}
{"body":{},"level":"info","message":"GET /users","service":"user-service"}
{"body":{},"level":"info","message":"GET /admin","service":"user-service"}
{"body":{},"level":"info","message":"GET /users","service":"user-service"}
{"body":{},"level":"info","message":"GET /user/2","service":"user-service"}
{"body":{},"level":"info","message":"GET /admin","service":"user-service"}
{"body":{},"level":"info","message":"GET /users","service":"user-service"}
{"body":{},"level":"info","message":"GET /admin","service":"user-service"}
{"body":{},"level":"info","message":"GET /users","service":"user-service"}
{"body":{},"level":"info","message":"GET /admin","service":"user-service"}
{"body":{},"level":"info","message":"GET /users","service":"user-service"}
{"body":{},"level":"info","message":"GET /admin","service":"user-service"}
{"body":{},"level":"info","message":"GET /users","service":"user-service"}
{"body":{},"level":"info","message":"GET /admin","service":"user-service"}
{"body":{},"level":"info","message":"GET /users","service":"user-service"}
{"body":{},"level":"info","message":"GET /admin","service":"user-service"}
{"body":{},"level":"info","message":"GET /users","service":"user-service"}
{"body":{},"level":"info","message":"GET /admin","service":"user-service"}
{"body":{},"level":"info","message":"GET /users","service":"user-service"}
{"body":{},"level":"info","message":"GET /user/1","service":"user-service"}
{"body":{},"level":"info","message":"GET /admin","service":"user-service"}
{"body":{},"level":"info","message":"GET /users","service":"user-service"}
{"body":{},"level":"info","message":"GET /admin","service":"user-service"}
{"body":{},"level":"info","message":"GET /users","service":"user-service"}
{"body":{},"level":"info","message":"GET /user/2","service":"user-service"}
{"body":{},"level":"info","message":"GET /user/3","service":"user-service"}
{"body":{},"level":"info","message":"GET /user/6","service":"user-service"}
{"body":{},"level":"info","message":"GET /user/6","service":"user-service"}
{"body":{},"level":"info","message":"GET /user/6","service":"user-service"}
{"body":{},"level":"info","message":"GET /user/6","service":"user-service"}
{"body":{},"level":"info","message":"GET /user/6","service":"user-service"}
{"body":{},"level":"info","message":"GET /user/8","service":"user-service"}
{"body":{},"level":"info","message":"GET /user/9","service":"user-service"}
{"body":{},"level":"info","message":"GET /user/6","service":"user-service"}
{"body":{},"level":"info","message":"GET /user/8","service":"user-service"}
{"body":{},"level":"info","message":"GET /user/9","service":"user-service"}
{"body":{},"level":"info","message":"GET /user/9","service":"user-service"}
{"body":{},"level":"info","message":"GET /admin","service":"user-service"}
{"body":{},"level":"info","message":"GET /users","service":"user-service"}
{"body":{},"level":"info","message":"GET /admin","service":"user-service"}
{"body":{},"level":"info","message":"GET /users","service":"user-service"}
{"body":{},"level":"info","message":"GET /admin","service":"user-service"}
{"body":{},"level":"info","message":"GET /users","service":"user-service"}
{"body":{},"level":"info","message":"GET /admin","service":"user-service"}
{"body":{},"level":"info","message":"GET /users","service":"user-service"}
{"body":{},"level":"info","message":"GET /admin","service":"user-service"}
{"body":{},"level":"info","message":"GET /users","service":"user-service"}
{"body":{},"level":"info","message":"GET /admin","service":"user-service"}
{"body":{},"level":"info","message":"GET /users","service":"user-service"}
{"body":{},"level":"info","message":"GET /admin","service":"user-service"}
{"body":{},"level":"info","message":"GET /users","service":"user-service"}
{"body":{},"level":"info","message":"GET /admin","service":"user-service"}
{"body":{},"level":"info","message":"GET /users","service":"user-service"}
{"body":{},"level":"info","message":"GET /admin","service":"user-service"}
{"body":{},"level":"info","message":"GET /users","service":"user-service"}
{"body":{},"level":"info","message":"GET /admin","service":"user-service"}
{"body":{},"level":"info","message":"GET /users","service":"user-service"}
{"body":{},"level":"info","message":"GET /admin","service":"user-service"}
{"body":{},"level":"info","message":"GET /users","service":"user-service"}
{"body":{},"level":"info","message":"GET /admin","service":"user-service"}
{"body":{},"level":"info","message":"GET /users","service":"user-service"}
{"body":{},"level":"info","message":"GET /admin","service":"user-service"}
{"body":{},"level":"info","message":"GET /users","service":"user-service"}
{"body":{},"level":"info","message":"GET /admin","service":"user-service"}
{"body":{},"level":"info","message":"GET /users","service":"user-service"}
{"body":{},"level":"info","message":"GET /admin","service":"user-service"}
{"body":{},"level":"info","message":"GET /users","service":"user-service"}
{"body":{},"level":"info","message":"GET /admin","service":"user-service"}
{"body":{},"level":"info","message":"GET /users","service":"user-service"}
{"body":{},"level":"info","message":"GET /admin","service":"user-service"}
{"body":{},"level":"info","message":"GET /users","service":"user-service"}
{"body":{},"level":"info","message":"GET /admin?","service":"user-service"}
{"body":{},"level":"info","message":"GET /users","service":"user-service"}
{"body":{},"level":"info","message":"GET /admin","service":"user-service"}
{"body":{},"level":"info","message":"GET /users","service":"user-service"}
{"body":{},"level":"info","message":"GET /admin","service":"user-service"}
{"body":{},"level":"info","message":"GET /users?","service":"user-service"}
{"body":{},"level":"info","message":"GET /admin","service":"user-service"}
{"body":{},"level":"info","message":"GET /users?page","service":"user-service"}
{"body":{},"level":"info","message":"GET /admin","service":"user-service"}
{"body":{},"level":"info","message":"GET /users?page={}","service":"user-service"}
{"body":{},"level":"info","message":"GET /admin","service":"user-service"}
{"body":{},"level":"info","message":"GET /users?page={c}","service":"user-service"}
{"body":{},"level":"info","message":"GET /admin","service":"user-service"}
{"body":{},"level":"info","message":"GET /users?page={}","service":"user-service"}
{"body":{},"level":"info","message":"GET /admin","service":"user-service"}
{"body":{},"level":"info","message":"GET /users?page={currentPage}","service":"user-service"}
{"body":{},"level":"info","message":"GET /admin","service":"user-service"}
{"body":{},"level":"info","message":"GET /users?page={currentPage}&","service":"user-service"}
{"body":{},"level":"info","message":"GET /admin","service":"user-service"}
{"body":{},"level":"info","message":"GET /users?page={currentPage}&limit","service":"user-service"}
{"body":{},"level":"info","message":"GET /admin","service":"user-service"}
{"body":{},"level":"info","message":"GET /users?page={currentPage}&limit={}","service":"user-service"}
{"body":{},"level":"info","message":"GET /users?page={currentPage}&limit={limit}","service":"user-service"}
{"body":{},"level":"info","message":"GET /admin","service":"user-service"}
{"body":{},"level":"info","message":"GET /admin","service":"user-service"}
{"body":{},"level":"info","message":"GET /users?page={currentPage}&limit={limit}","service":"user-service"}
{"body":{},"level":"info","message":"GET /admin","service":"user-service"}
{"body":{},"level":"info","message":"GET /users?page=1&limit={limit}","service":"user-service"}
{"body":{},"level":"info","message":"GET /admin","service":"user-service"}
{"body":{},"level":"info","message":"GET /users?page=1&limit=5","service":"user-service"}
{"body":{},"level":"info","message":"GET /admin","service":"user-service"}
{"body":{},"level":"info","message":"GET /users?page=1&limit=5","service":"user-service"}
{"body":{},"level":"info","message":"GET /admin","service":"user-service"}
{"body":{},"level":"info","message":"GET /users?page=1&limit=15","service":"user-service"}
{"body":{},"level":"info","message":"GET /admin","service":"user-service"}
{"body":{},"level":"info","message":"GET /users?page=1&limit=15","service":"user-service"}
{"body":{},"level":"info","message":"GET /admin","service":"user-service"}
{"body":{},"level":"info","message":"GET /users?page=1&limit=15","service":"user-service"}
{"body":{},"level":"info","message":"GET /admin","service":"user-service"}
{"body":{},"level":"info","message":"GET /users?page=1&limit=15","service":"user-service"}
{"body":{},"level":"info","message":"GET /admin","service":"user-service"}
{"body":{},"level":"info","message":"GET /users?page=1&limit=15","service":"user-service"}
{"body":{},"level":"info","message":"GET /admin","service":"user-service"}
{"body":{},"level":"info","message":"GET /users?page=1&limit=15","service":"user-service"}
{"body":{},"level":"info","message":"GET /admin","service":"user-service"}
{"body":{},"level":"info","message":"GET /users?page=1&limit=5","service":"user-service"}
{"body":{},"level":"info","message":"GET /admin","service":"user-service"}
{"body":{},"level":"info","message":"GET /users?page=1&limit=5","service":"user-service"}
{"body":{},"level":"info","message":"GET /admin","service":"user-service"}
{"body":{},"level":"info","message":"GET /users?page=1&limit=5","service":"user-service"}
{"body":{},"level":"info","message":"GET /admin","service":"user-service"}
{"body":{},"level":"info","message":"GET /users?page=1&limit=5","service":"user-service"}
{"body":{},"level":"info","message":"GET /admin","service":"user-service"}
{"body":{},"level":"info","message":"GET /users?page=1&limit=5","service":"user-service"}
{"body":{},"level":"info","message":"GET /admin","service":"user-service"}
{"body":{},"level":"info","message":"GET /users?page=1&limit=5","service":"user-service"}
{"body":{},"level":"info","message":"GET /admin","service":"user-service"}
{"body":{},"level":"info","message":"GET /users?page=1&limit=5","service":"user-service"}
{"body":{},"level":"info","message":"GET /admin","service":"user-service"}
{"body":{},"level":"info","message":"GET /users?page=1&limit=5","service":"user-service"}
{"body":{},"level":"info","message":"GET /admin","service":"user-service"}
{"body":{},"level":"info","message":"GET /users?page=1&limit=5","service":"user-service"}
{"body":{},"level":"info","message":"GET /admin","service":"user-service"}
{"body":{},"level":"info","message":"GET /users?page=1&limit=5","service":"user-service"}
{"body":{},"level":"info","message":"GET /admin","service":"user-service"}
{"body":{},"level":"info","message":"GET /users?page=1&limit=5","service":"user-service"}
{"body":{},"level":"info","message":"GET /admin","service":"user-service"}
{"body":{},"level":"info","message":"GET /users?page=1&limit=5","service":"user-service"}
{"body":{},"level":"info","message":"GET /admin","service":"user-service"}
{"body":{},"level":"info","message":"GET /users?page=1&limit=5","service":"user-service"}
{"body":{},"level":"info","message":"GET /admin","service":"user-service"}
{"body":{},"level":"info","message":"GET /users?page=1&limit=10","service":"user-service"}
{"body":{},"level":"info","message":"GET /admin","service":"user-service"}
{"body":{},"level":"info","message":"GET /users?page=1&limit=15","service":"user-service"}
{"body":{},"level":"info","message":"GET /admin","service":"user-service"}
{"body":{},"level":"info","message":"GET /users?page=1&limit=5","service":"user-service"}
{"body":{},"level":"info","message":"GET /admin","service":"user-service"}
{"body":{},"level":"info","message":"GET /users?page=2&limit=5","service":"user-service"}
{"body":{},"level":"info","message":"GET /admin","service":"user-service"}
{"body":{},"level":"info","message":"GET /users?page=3&limit=5","service":"user-service"}
{"body":{},"level":"info","message":"GET /admin","service":"user-service"}
{"body":{},"level":"info","message":"GET /users?page=4&limit=5","service":"user-service"}
{"body":{},"level":"info","message":"GET /admin","service":"user-service"}
{"body":{},"level":"info","message":"GET /users?page=3&limit=5","service":"user-service"}
{"body":{},"level":"info","message":"GET /admin","service":"user-service"}
{"body":{},"level":"info","message":"GET /users?page=2&limit=5","service":"user-service"}
{"body":{},"level":"info","message":"GET /admin","service":"user-service"}
{"body":{},"level":"info","message":"GET /users?page=1&limit=5","service":"user-service"}
{"body":{},"level":"info","message":"GET /admin","service":"user-service"}
{"body":{},"level":"info","message":"GET /users?page=1&limit=10","service":"user-service"}
{"body":{},"level":"info","message":"GET /admin","service":"user-service"}
{"body":{},"level":"info","message":"GET /users?page=1&limit=10","service":"user-service"}
{"body":{},"level":"info","message":"GET /admin","service":"user-service"}
{"body":{},"level":"info","message":"GET /users?page=1&limit=10","service":"user-service"}
{"body":{},"level":"info","message":"GET /admin","service":"user-service"}
{"body":{},"level":"info","message":"GET /users?page=1&limit=10","service":"user-service"}
{"body":{},"level":"info","message":"GET /admin","service":"user-service"}
{"body":{},"level":"info","message":"GET /users?page=1&limit=10","service":"user-service"}
{"body":{},"level":"info","message":"GET /admin","service":"user-service"}
{"body":{},"level":"info","message":"GET /users?page=1&limit=5","service":"user-service"}
{"body":{},"level":"info","message":"GET /admin","service":"user-service"}
{"body":{},"level":"info","message":"GET /users?page=1&limit=9","service":"user-service"}
{"body":{},"level":"info","message":"GET /admin","service":"user-service"}
{"body":{},"level":"info","message":"GET /users?page=1&limit=12","service":"user-service"}
{"body":{},"level":"info","message":"GET /admin","service":"user-service"}
{"body":{},"level":"info","message":"GET /users?page=1&limit=6","service":"user-service"}
{"body":{},"level":"info","message":"GET /admin","service":"user-service"}
{"body":{},"level":"info","message":"GET /users?page=1&limit=6","service":"user-service"}
{"body":{},"level":"info","message":"GET /admin","service":"user-service"}
{"body":{},"level":"info","message":"GET /users?page=1&limit=6","service":"user-service"}
{"body":{},"level":"info","message":"GET /admin","service":"user-service"}
{"body":{},"level":"info","message":"GET /users?page=1&limit=6","service":"user-service"}
{"body":{},"level":"info","message":"GET /admin","service":"user-service"}
{"body":{},"level":"info","message":"GET /users?page=1&limit=6","service":"user-service"}
{"body":{},"level":"info","message":"GET /admin","service":"user-service"}
{"body":{},"level":"info","message":"GET /users?page=1&limit=6","service":"user-service"}
{"body":{},"level":"info","message":"GET /admin","service":"user-service"}
{"body":{},"level":"info","message":"GET /users?page=1&limit=6","service":"user-service"}
{"body":{},"level":"info","message":"GET /admin","service":"user-service"}
{"body":{},"level":"info","message":"GET /users?page=1&limit=6","service":"user-service"}
{"body":{},"level":"info","message":"GET /admin","service":"user-service"}
{"body":{},"level":"info","message":"GET /users?page=1&limit=6","service":"user-service"}
{"body":{},"level":"info","message":"GET /admin","service":"user-service"}
{"body":{},"level":"info","message":"GET /users?page=1&limit=6","service":"user-service"}
{"body":{},"level":"info","message":"GET /admin","service":"user-service"}
{"body":{},"level":"info","message":"GET /users?page=1&limit=6","service":"user-service"}
{"body":{},"level":"info","message":"GET /admin","service":"user-service"}
{"body":{},"level":"info","message":"GET /users?page=1&limit=6","service":"user-service"}
{"body":{},"level":"info","message":"GET /admin","service":"user-service"}
{"body":{},"level":"info","message":"GET /users?page=1&limit=6","service":"user-service"}
{"body":{},"level":"info","message":"GET /admin","service":"user-service"}
{"body":{},"level":"info","message":"GET /users?page=1&limit=6","service":"user-service"}
{"body":{},"level":"info","message":"GET /admin","service":"user-service"}
{"body":{},"level":"info","message":"GET /users?page=1&limit=6","service":"user-service"}
{"body":{},"level":"info","message":"GET /admin","service":"user-service"}
{"body":{},"level":"info","message":"GET /users?page=1&limit=6","service":"user-service"}
{"body":{},"level":"info","message":"GET /admin","service":"user-service"}
{"body":{},"level":"info","message":"GET /users?page=1&limit=6","service":"user-service"}
{"body":{},"level":"info","message":"GET /admin","service":"user-service"}
{"body":{},"level":"info","message":"GET /users?page=1&limit=6","service":"user-service"}
{"body":{},"level":"info","message":"GET /admin","service":"user-service"}
{"body":{},"level":"info","message":"GET /users?page=1&limit=6","service":"user-service"}
{"body":{},"level":"info","message":"GET /admin","service":"user-service"}
{"body":{},"level":"info","message":"GET /users?page=1&limit=6","service":"user-service"}
{"body":{},"level":"info","message":"GET /admin","service":"user-service"}
{"body":{},"level":"info","message":"GET /users?page=1&limit=6","service":"user-service"}
{"body":{},"level":"info","message":"GET /admin","service":"user-service"}
{"body":{},"level":"info","message":"GET /users?page=1&limit=6","service":"user-service"}
{"body":{},"level":"info","message":"GET /admin","service":"user-service"}
{"body":{},"level":"info","message":"GET /users?page=1&limit=6","service":"user-service"}
{"body":{},"level":"info","message":"GET /admin","service":"user-service"}
{"body":{},"level":"info","message":"GET /users?page=1&limit=9","service":"user-service"}
{"body":{},"level":"info","message":"GET /admin","service":"user-service"}
{"body":{},"level":"info","message":"GET /users?page=1&limit=12","service":"user-service"}
{"body":{},"level":"info","message":"GET /admin","service":"user-service"}
{"body":{},"level":"info","message":"GET /users?page=1&limit=6","service":"user-service"}
{"body":{},"level":"info","message":"GET /user/2","service":"user-service"}
{"body":{},"level":"info","message":"GET /user/1","service":"user-service"}
{"body":{},"level":"info","message":"GET /admin","service":"user-service"}
{"body":{},"level":"info","message":"GET /users?page=1&limit=6","service":"user-service"}
{"body":{},"level":"info","message":"GET /admin","service":"user-service"}
{"body":{},"level":"info","message":"GET /users?page=1&limit=6","service":"user-service"}
{"body":{},"level":"info","message":"GET /admin","service":"user-service"}
{"body":{},"level":"info","message":"GET /users?page=1&limit=6","service":"user-service"}
{"body":{},"level":"info","message":"GET /admin","service":"user-service"}
{"body":{},"level":"info","message":"GET /users?page=1&limit=6","service":"user-service"}
{"body":{},"level":"info","message":"GET /admin","service":"user-service"}
{"body":{},"level":"info","message":"GET /users?page=1&limit=6","service":"user-service"}
{"body":{},"level":"info","message":"GET /admin","service":"user-service"}
{"body":{},"level":"info","message":"GET /users?page=1&limit=6","service":"user-service"}
{"body":{},"level":"info","message":"GET /admin","service":"user-service"}
{"body":{},"level":"info","message":"GET /users?page=1&limit=6","service":"user-service"}
{"body":{},"level":"info","message":"GET /admin","service":"user-service"}
{"body":{},"level":"info","message":"GET /users?page=1&limit=6","service":"user-service"}
{"body":{},"level":"info","message":"GET /admin","service":"user-service"}
{"body":{},"level":"info","message":"GET /users?page=1&limit=6","service":"user-service"}
{"body":{},"level":"info","message":"GET /admin","service":"user-service"}
{"body":{},"level":"info","message":"GET /users?page=1&limit=6","service":"user-service"}
{"body":{},"level":"info","message":"GET /admin","service":"user-service"}
{"body":{},"level":"info","message":"GET /users?page=1&limit=6","service":"user-service"}
{"body":{},"level":"info","message":"GET /admin","service":"user-service"}
{"body":{},"level":"info","message":"GET /users?page=1&limit=6","service":"user-service"}
{"body":{},"level":"info","message":"GET /admin","service":"user-service"}
{"body":{},"level":"info","message":"GET /users?page=1&limit=6","service":"user-service"}
{"body":{},"level":"info","message":"GET /admin","service":"user-service"}
{"body":{},"level":"info","message":"GET /users?page=1&limit=6","service":"user-service"}
{"body":{},"level":"info","message":"GET /admin","service":"user-service"}
{"body":{},"level":"info","message":"GET /users?page=1&limit=6","service":"user-service"}
{"body":{},"level":"info","message":"GET /admin","service":"user-service"}
{"body":{},"level":"info","message":"GET /users?page=1&limit=6","service":"user-service"}
{"body":{},"level":"info","message":"GET /admin","service":"user-service"}
{"body":{},"level":"info","message":"GET /users?page=1&limit=6","service":"user-service"}
{"body":{},"level":"info","message":"GET /admin","service":"user-service"}
{"body":{},"level":"info","message":"GET /users?page=1&limit=6","service":"user-service"}
{"body":{},"level":"info","message":"GET /admin","service":"user-service"}
{"body":{},"level":"info","message":"GET /users?page=1&limit=6","service":"user-service"}
{"body":{},"level":"info","message":"GET /admin","service":"user-service"}
{"body":{},"level":"info","message":"GET /users?page=1&limit=6","service":"user-service"}
{"body":{},"level":"info","message":"GET /admin","service":"user-service"}
{"body":{},"level":"info","message":"GET /users?page=1&limit=6","service":"user-service"}
{"body":{},"level":"info","message":"GET /admin","service":"user-service"}
{"body":{},"level":"info","message":"GET /users?page=1&limit=6","service":"user-service"}
{"body":{},"level":"info","message":"GET /admin","service":"user-service"}
{"body":{},"level":"info","message":"GET /users?page=1&limit=6","service":"user-service"}
{"body":{},"level":"info","message":"GET /admin","service":"user-service"}
{"body":{},"level":"info","message":"GET /users?page=1&limit=6","service":"user-service"}
{"body":{},"level":"info","message":"GET /admin","service":"user-service"}
{"body":{},"level":"info","message":"GET /users?page=1&limit=6","service":"user-service"}
{"body":{},"level":"info","message":"GET /admin","service":"user-service"}
{"body":{},"level":"info","message":"GET /users?page=1&limit=6","service":"user-service"}
{"body":{},"level":"info","message":"GET /admin","service":"user-service"}
{"body":{},"level":"info","message":"GET /users?page=1&limit=6","service":"user-service"}
{"body":{},"level":"info","message":"GET /admin","service":"user-service"}
{"body":{},"level":"info","message":"GET /users?page=2&limit=6","service":"user-service"}
{"body":{},"level":"info","message":"GET /admin","service":"user-service"}
{"body":{},"level":"info","message":"GET /users?page=1&limit=6","service":"user-service"}
{"body":{},"level":"info","message":"GET /admin","service":"user-service"}
{"body":{},"level":"info","message":"GET /users?page=2&limit=6","service":"user-service"}
{"body":{},"level":"info","message":"GET /admin","service":"user-service"}
{"body":{},"level":"info","message":"GET /users?page=3&limit=6","service":"user-service"}
{"body":{},"level":"info","message":"GET /admin","service":"user-service"}
{"body":{},"level":"info","message":"GET /users?page=4&limit=6","service":"user-service"}
{"body":{},"level":"info","message":"GET /users?page=3&limit=6","service":"user-service"}
{"body":{},"level":"info","message":"GET /admin","service":"user-service"}
{"body":{},"level":"info","message":"GET /user/18","service":"user-service"}
{"body":{},"level":"info","message":"GET /admin","service":"user-service"}
{"body":{},"level":"info","message":"GET /users?page=2&limit=6","service":"user-service"}
{"body":{},"level":"info","message":"GET /admin","service":"user-service"}
{"body":{},"level":"info","message":"GET /users?page=1&limit=5","service":"user-service"}
{"body":{},"level":"info","message":"GET /admin","service":"user-service"}
{"body":{},"level":"info","message":"GET /users?page=1&limit=9","service":"user-service"}
{"body":{},"level":"info","message":"GET /admin","service":"user-service"}
{"body":{},"level":"info","message":"GET /users?page=1&limit=6","service":"user-service"}
{"body":{},"level":"info","message":"GET /admin","service":"user-service"}
{"body":{},"level":"info","message":"GET /users?page=2&limit=6","service":"user-service"}
{"body":{},"level":"info","message":"GET /task","service":"user-service"}
{"body":{},"level":"info","message":"GET /task","service":"user-service"}
{"body":{},"level":"info","message":"GET /task","service":"user-service"}
{"body":{},"level":"info","message":"GET /task","service":"user-service"}
{"body":{},"level":"info","message":"GET /task","service":"user-service"}
{"body":{},"level":"info","message":"GET /task","service":"user-service"}
{"body":{"status":"completed"},"level":"info","message":"PATCH /task/662e0be8ecc81bae0d2fe750","service":"user-service"}
{"body":{},"level":"info","message":"GET /task","service":"user-service"}
{"body":{},"level":"info","message":"GET /task","service":"user-service"}
{"body":{},"level":"info","message":"GET /task","service":"user-service"}
{"body":{},"level":"info","message":"GET /task","service":"user-service"}
{"body":{},"level":"info","message":"GET /task","service":"user-service"}
{"body":{},"level":"info","message":"GET /task","service":"user-service"}
{"body":{},"level":"info","message":"GET /task","service":"user-service"}
{"body":{},"level":"info","message":"GET /task","service":"user-service"}
{"body":{},"level":"info","message":"GET /task","service":"user-service"}
{"body":{},"level":"info","message":"GET /task","service":"user-service"}
{"body":{},"level":"info","message":"GET /task","service":"user-service"}
{"body":{},"level":"info","message":"GET /task","service":"user-service"}
{"body":{},"level":"info","message":"GET /task","service":"user-service"}
{"body":{},"level":"info","message":"GET /task","service":"user-service"}
{"body":{},"level":"info","message":"GET /task","service":"user-service"}
{"body":{},"level":"info","message":"GET /task","service":"user-service"}
{"body":{},"level":"info","message":"GET /task","service":"user-service"}
{"body":{},"level":"info","message":"GET /task","service":"user-service"}
{"body":{},"level":"info","message":"GET /task","service":"user-service"}
{"body":{},"level":"info","message":"GET /task","service":"user-service"}
{"body":{},"level":"info","message":"GET /task","service":"user-service"}
{"body":{},"level":"info","message":"GET /task","service":"user-service"}
{"body":{},"level":"info","message":"GET /task","service":"user-service"}
{"body":{},"level":"info","message":"GET /task","service":"user-service"}
{"body":{},"level":"info","message":"GET /task","service":"user-service"}
{"body":{},"level":"info","message":"GET /task","service":"user-service"}
{"body":{},"level":"info","message":"GET /task","service":"user-service"}
{"body":{},"level":"info","message":"GET /task","service":"user-service"}
{"body":{},"level":"info","message":"GET /task","service":"user-service"}
{"body":{},"level":"info","message":"GET /task","service":"user-service"}
{"body":{},"level":"info","message":"GET /task","service":"user-service"}
{"body":{},"level":"info","message":"GET /task","service":"user-service"}
{"body":{},"level":"info","message":"GET /task","service":"user-service"}
{"body":{},"level":"info","message":"GET /task","service":"user-service"}
{"body":{},"level":"info","message":"GET /task","service":"user-service"}
{"body":{},"level":"info","message":"GET /task","service":"user-service"}
{"body":{},"level":"info","message":"GET /task","service":"user-service"}
{"body":{},"level":"info","message":"GET /task","service":"user-service"}
{"body":{},"level":"info","message":"GET /task","service":"user-service"}
{"body":{},"level":"info","message":"GET /task","service":"user-service"}
{"body":{},"level":"info","message":"GET /task","service":"user-service"}
{"body":{},"level":"info","message":"GET /task","service":"user-service"}
{"body":{},"level":"info","message":"GET /task","service":"user-service"}
{"body":{},"level":"info","message":"GET /task","service":"user-service"}
{"body":{},"level":"info","message":"GET /task","service":"user-service"}
{"body":{},"level":"info","message":"GET /task","service":"user-service"}
{"body":{},"level":"info","message":"GET /task","service":"user-service"}
{"body":{},"level":"info","message":"GET /task","service":"user-service"}
{"body":{},"level":"info","message":"GET /task","service":"user-service"}
{"body":{},"level":"info","message":"GET /task","service":"user-service"}
{"body":{},"level":"info","message":"GET /task","service":"user-service"}
{"body":{},"level":"info","message":"GET /task","service":"user-service"}
{"body":{},"level":"info","message":"GET /task","service":"user-service"}
{"body":{},"level":"info","message":"GET /task","service":"user-service"}
{"body":{},"level":"info","message":"GET /task","service":"user-service"}
{"body":{},"level":"info","message":"GET /task","service":"user-service"}
{"body":{},"level":"info","message":"GET /task","service":"user-service"}
{"body":{},"level":"info","message":"GET /task","service":"user-service"}
{"body":{},"level":"info","message":"GET /task","service":"user-service"}
{"body":{},"level":"info","message":"GET /task","service":"user-service"}
{"body":{},"level":"info","message":"GET /task","service":"user-service"}
{"body":{},"level":"info","message":"GET /task","service":"user-service"}
{"body":{},"level":"info","message":"GET /task","service":"user-service"}
{"body":{},"level":"info","message":"GET /task","service":"user-service"}
{"body":{},"level":"info","message":"GET /task","service":"user-service"}
{"body":{},"level":"info","message":"GET /task","service":"user-service"}
{"body":{},"level":"info","message":"GET /task","service":"user-service"}
{"body":{},"level":"info","message":"GET /task","service":"user-service"}
{"body":{},"level":"info","message":"GET /task","service":"user-service"}
{"body":{},"level":"info","message":"GET /task","service":"user-service"}
{"body":{},"level":"info","message":"GET /task","service":"user-service"}
{"body":{},"level":"info","message":"GET /task","service":"user-service"}
{"body":{},"level":"info","message":"GET /task","service":"user-service"}
{"body":{},"level":"info","message":"GET /task","service":"user-service"}
{"body":{},"level":"info","message":"GET /task","service":"user-service"}
{"body":{},"level":"info","message":"GET /task","service":"user-service"}
{"body":{},"level":"info","message":"GET /task","service":"user-service"}
{"body":{},"level":"info","message":"GET /task","service":"user-service"}
{"body":{},"level":"info","message":"GET /task","service":"user-service"}
{"body":{},"level":"info","message":"GET /task","service":"user-service"}
{"body":{},"level":"info","message":"GET /task","service":"user-service"}
{"body":{},"level":"info","message":"GET /task","service":"user-service"}
{"body":{},"level":"info","message":"GET /task","service":"user-service"}
{"body":{},"level":"info","message":"GET /task","service":"user-service"}
{"body":{},"level":"info","message":"GET /task","service":"user-service"}
{"body":{},"level":"info","message":"GET /task","service":"user-service"}
{"body":{},"level":"info","message":"GET /task","service":"user-service"}
{"body":{},"level":"info","message":"GET /task","service":"user-service"}
{"body":{},"level":"info","message":"GET /task","service":"user-service"}
{"body":{},"level":"info","message":"GET /task","service":"user-service"}
{"body":{},"level":"info","message":"GET /task","service":"user-service"}
{"body":{},"level":"info","message":"GET /task","service":"user-service"}
{"body":{},"level":"info","message":"GET /task","service":"user-service"}
{"body":{},"level":"info","message":"GET /task","service":"user-service"}
{"body":{},"level":"info","message":"GET /task","service":"user-service"}
{"body":{},"level":"info","message":"GET /task","service":"user-service"}
{"body":{},"level":"info","message":"GET /task","service":"user-service"}
{"body":{},"level":"info","message":"GET /task","service":"user-service"}
{"body":{},"level":"info","message":"GET /task","service":"user-service"}
{"body":{},"level":"info","message":"GET /task","service":"user-service"}
{"body":{},"level":"info","message":"GET /task","service":"user-service"}
{"body":{},"level":"info","message":"GET /task","service":"user-service"}
{"body":{},"level":"info","message":"GET /task","service":"user-service"}
{"body":{},"level":"info","message":"GET /task","service":"user-service"}
{"body":{},"level":"info","message":"GET /task","service":"user-service"}
{"body":{},"level":"info","message":"GET /task","service":"user-service"}
{"body":{},"level":"info","message":"GET /task","service":"user-service"}
{"body":{},"level":"info","message":"GET /task","service":"user-service"}
{"body":{},"level":"info","message":"GET /task","service":"user-service"}
{"body":{},"level":"info","message":"GET /task","service":"user-service"}
{"body":{},"level":"info","message":"GET /task","service":"user-service"}
{"body":{},"level":"info","message":"GET /task","service":"user-service"}
{"body":{},"level":"info","message":"GET /task","service":"user-service"}
{"body":{},"level":"info","message":"GET /task","service":"user-service"}
{"body":{},"level":"info","message":"GET /task","service":"user-service"}
{"body":{},"level":"info","message":"GET /task","service":"user-service"}
{"body":{},"level":"info","message":"GET /task","service":"user-service"}
{"body":{},"level":"info","message":"GET /task","service":"user-service"}
{"body":{},"level":"info","message":"GET /task","service":"user-service"}
{"body":{},"level":"info","message":"GET /task","service":"user-service"}
{"body":{},"level":"info","message":"GET /task","service":"user-service"}
{"body":{},"level":"info","message":"GET /task","service":"user-service"}
{"body":{},"level":"info","message":"GET /task","service":"user-service"}
{"body":{},"level":"info","message":"GET /task","service":"user-service"}
{"body":{},"level":"info","message":"GET /task","service":"user-service"}
{"body":{},"level":"info","message":"GET /task","service":"user-service"}
{"body":{"description":"installed the required library and added animation","dueDate":"2024-05-30","taskId":"101","title":"adding animation"},"level":"info","message":"POST /add","service":"user-service"}
{"body":{},"level":"info","message":"GET /task","service":"user-service"}
{"body":{},"level":"info","message":"GET /task","service":"user-service"}
{"body":{},"level":"info","message":"GET /task","service":"user-service"}
{"body":{},"level":"info","message":"GET /task","service":"user-service"}
{"body":{},"level":"info","message":"GET /task","service":"user-service"}
{"body":{},"level":"info","message":"GET /task","service":"user-service"}
{"body":{},"level":"info","message":"GET /task","service":"user-service"}
{"body":{},"level":"info","message":"GET /task","service":"user-service"}
{"body":{},"level":"info","message":"GET /task","service":"user-service"}
{"body":{},"level":"info","message":"GET /task","service":"user-service"}
{"body":{},"level":"info","message":"GET /task","service":"user-service"}
{"body":{},"level":"info","message":"GET /task","service":"user-service"}
{"body":{},"level":"info","message":"GET /task","service":"user-service"}
{"body":{},"level":"info","message":"GET /task","service":"user-service"}
{"body":{"status":"completed"},"level":"info","message":"PATCH /task/662e0be8ecc81bae0d2fe750","service":"user-service"}
{"body":{},"level":"info","message":"GET /task","service":"user-service"}
{"body":{"status":"completed"},"level":"info","message":"PATCH /task/662e0be8ecc81bae0d2fe750","service":"user-service"}
{"body":{},"level":"info","message":"GET /task","service":"user-service"}
{"body":{},"level":"info","message":"GET /task","service":"user-service"}
{"body":{},"level":"info","message":"GET /task","service":"user-service"}
{"body":{},"level":"info","message":"GET /task","service":"user-service"}
{"body":{},"level":"info","message":"GET /task","service":"user-service"}
{"body":{"status":"completed"},"level":"info","message":"PATCH /task/1","service":"user-service"}
{"body":{},"level":"info","message":"GET /task","service":"user-service"}
{"body":{"status":"completed"},"level":"info","message":"PATCH /task/1","service":"user-service"}
{"body":{},"level":"info","message":"GET /task","service":"user-service"}
{"body":{},"level":"info","message":"GET /task","service":"user-service"}
{"body":{},"level":"info","message":"GET /task","service":"user-service"}
{"body":{},"level":"info","message":"GET /task","service":"user-service"}
{"body":{},"level":"info","message":"GET /task","service":"user-service"}
{"body":{"status":"completed"},"level":"info","message":"PATCH /task/1","service":"user-service"}
{"body":{},"level":"info","message":"GET /task","service":"user-service"}
{"body":{"status":"completed"},"level":"info","message":"PATCH /task/1","service":"user-service"}
{"body":{},"level":"info","message":"GET /task","service":"user-service"}
{"body":{"status":"completed"},"level":"info","message":"PATCH /task/1","service":"user-service"}
{"body":{"status":"completed"},"level":"info","message":"PATCH /task/1","service":"user-service"}
{"body":{"status":"completed"},"level":"info","message":"PATCH /task/1","service":"user-service"}
{"body":{"status":"completed"},"level":"info","message":"PATCH /task/1","service":"user-service"}
{"body":{},"level":"info","message":"GET /task","service":"user-service"}
{"body":{"status":"completed"},"level":"info","message":"PATCH /task/1","service":"user-service"}
{"body":{},"level":"info","message":"GET /task","service":"user-service"}
{"body":{"status":"completed"},"level":"info","message":"PATCH /task/2","service":"user-service"}
{"body":{},"level":"info","message":"GET /task","service":"user-service"}
{"body":{"status":"completed"},"level":"info","message":"PATCH /task/1","service":"user-service"}
{"body":{},"level":"info","message":"GET /task","service":"user-service"}
{"body":{"status":"completed"},"level":"info","message":"PATCH /task/1","service":"user-service"}
{"body":{},"level":"info","message":"GET /task","service":"user-service"}
{"body":{"status":"completed"},"level":"info","message":"PATCH /task/1","service":"user-service"}
{"body":{"status":"completed"},"level":"info","message":"PATCH /task/1","service":"user-service"}
{"body":{"status":"completed"},"level":"info","message":"PATCH /task/1","service":"user-service"}
{"body":{"status":"completed"},"level":"info","message":"PATCH /task/1","service":"user-service"}
{"body":{"status":"completed"},"level":"info","message":"PATCH /task/1","service":"user-service"}
{"body":{"status":"completed"},"level":"info","message":"PATCH /task/1","service":"user-service"}
{"body":{"status":"completed"},"level":"info","message":"PATCH /task/1","service":"user-service"}
{"body":{"status":"completed"},"level":"info","message":"PATCH /task/1","service":"user-service"}
{"body":{"status":"completed"},"level":"info","message":"PATCH /task/1","service":"user-service"}
{"body":{"status":"completed"},"level":"info","message":"PATCH /task/1","service":"user-service"}
{"body":{"status":"completed"},"level":"info","message":"PATCH /task/1","service":"user-service"}
{"body":{"status":"completed"},"level":"info","message":"PATCH /task/1","service":"user-service"}
{"body":{},"level":"info","message":"GET /task","service":"user-service"}
{"body":{"status":"completed"},"level":"info","message":"PATCH /task/1","service":"user-service"}
{"body":{},"level":"info","message":"GET /task","service":"user-service"}
{"body":{"status":"completed"},"level":"info","message":"PATCH /task/1","service":"user-service"}
{"body":{},"level":"info","message":"GET /task","service":"user-service"}
{"body":{"status":"completed"},"level":"info","message":"PATCH /task/1","service":"user-service"}
{"body":{},"level":"info","message":"GET /task","service":"user-service"}
{"body":{"status":"completed"},"level":"info","message":"PATCH /task/1","service":"user-service"}
{"body":{"status":"completed"},"level":"info","message":"PATCH /task/1","service":"user-service"}
{"body":{"status":"completed"},"level":"info","message":"PATCH /task/1","service":"user-service"}
{"body":{},"level":"info","message":"GET /task","service":"user-service"}
{"body":{"status":"completed"},"level":"info","message":"PATCH /task/1","service":"user-service"}
{"body":{},"level":"info","message":"GET /task","service":"user-service"}
{"body":{},"level":"info","message":"DELETE /task/662e5571167f32364d4c8fd1","service":"user-service"}
{"body":{},"level":"info","message":"GET /task","service":"user-service"}
{"body":{},"level":"info","message":"GET /task","service":"user-service"}
{"body":{},"level":"info","message":"GET /task","service":"user-service"}
{"body":{},"level":"info","message":"GET /task","service":"user-service"}
{"body":{},"level":"info","message":"GET /task","service":"user-service"}
{"body":{},"level":"info","message":"GET /task","service":"user-service"}
{"body":{},"level":"info","message":"GET /task","service":"user-service"}
{"body":{},"level":"info","message":"GET /task","service":"user-service"}
{"body":{},"level":"info","message":"GET /task","service":"user-service"}
{"body":{},"level":"info","message":"GET /task","service":"user-service"}
{"body":{},"level":"info","message":"GET /task","service":"user-service"}
{"body":{},"level":"info","message":"GET /task","service":"user-service"}
{"body":{},"level":"info","message":"GET /task","service":"user-service"}
{"body":{},"level":"info","message":"GET /task","service":"user-service"}
{"body":{},"level":"info","message":"GET /task","service":"user-service"}
{"body":{},"level":"info","message":"GET /task","service":"user-service"}
{"body":{},"level":"info","message":"GET /task","service":"user-service"}
{"body":{"status":"completed"},"level":"info","message":"PATCH /task/1","service":"user-service"}
{"body":{},"level":"info","message":"GET /task","service":"user-service"}
{"body":{},"level":"info","message":"GET /task","service":"user-service"}
{"body":{},"level":"info","message":"GET /task","service":"user-service"}
{"body":{},"level":"info","message":"GET /task","service":"user-service"}
{"body":{},"level":"info","message":"GET /task","service":"user-service"}
{"body":{},"level":"info","message":"GET /task","service":"user-service"}
{"body":{},"level":"info","message":"GET /task","service":"user-service"}
{"body":{},"level":"info","message":"GET /task","service":"user-service"}
{"body":{},"level":"info","message":"GET /task","service":"user-service"}
{"body":{"status":"completed"},"level":"info","message":"PATCH /task/1","service":"user-service"}
{"body":{},"level":"info","message":"GET /task","service":"user-service"}
{"body":{},"level":"info","message":"GET /task","service":"user-service"}
{"body":{"status":"completed"},"level":"info","message":"PATCH /task/1","service":"user-service"}
{"body":{},"level":"info","message":"GET /task","service":"user-service"}
{"body":{"status":"completed"},"level":"info","message":"PATCH /task/1","service":"user-service"}
{"body":{},"level":"info","message":"GET /task","service":"user-service"}
{"body":{"status":"completed"},"level":"info","message":"PATCH /task/1","service":"user-service"}
{"body":{},"level":"info","message":"GET /task","service":"user-service"}
{"body":{"status":"completed"},"level":"info","message":"PATCH /task/1","service":"user-service"}
{"body":{},"level":"info","message":"GET /task","service":"user-service"}
{"body":{"status":"completed"},"level":"info","message":"PATCH /task/2","service":"user-service"}
{"body":{},"level":"info","message":"GET /task","service":"user-service"}
{"body":{},"level":"info","message":"GET /task","service":"user-service"}
{"body":{},"level":"info","message":"DELETE /task/662e5571167f32364d4c8fd1","service":"user-service"}
{"body":{},"level":"info","message":"GET /task","service":"user-service"}
{"body":{},"level":"info","message":"DELETE /task/662e5571167f32364d4c8fd1","service":"user-service"}
{"body":{},"level":"info","message":"GET /task","service":"user-service"}
{"body":{},"level":"info","message":"GET /task","service":"user-service"}
{"body":{},"level":"info","message":"GET /task","service":"user-service"}
{"body":{},"level":"info","message":"GET /task","service":"user-service"}
{"body":{},"level":"info","message":"GET /task","service":"user-service"}
{"body":{},"level":"info","message":"DELETE /task/101","service":"user-service"}
{"body":{},"level":"info","message":"GET /task","service":"user-service"}
{"body":{},"level":"info","message":"DELETE /task/101","service":"user-service"}
{"body":{},"level":"info","message":"GET /task","service":"user-service"}
{"body":{},"level":"info","message":"GET /task","service":"user-service"}
{"body":{},"level":"info","message":"GET /task","service":"user-service"}
{"body":{},"level":"info","message":"GET /task","service":"user-service"}
{"body":{},"level":"info","message":"DELETE /task/101","service":"user-service"}
{"body":{},"level":"info","message":"GET /task","service":"user-service"}
{"body":{},"level":"info","message":"DELETE /task/101","service":"user-service"}
{"body":{},"level":"info","message":"GET /task","service":"user-service"}
{"body":{},"level":"info","message":"GET /task","service":"user-service"}
{"body":{},"level":"info","message":"DELETE /task/101","service":"user-service"}
{"body":{},"level":"info","message":"GET /task","service":"user-service"}
{"body":{},"level":"info","message":"GET /admin","service":"user-service"}
{"body":{},"level":"info","message":"GET /users?page=1&limit=6","service":"user-service"}
{"body":{},"level":"info","message":"GET /admin","service":"user-service"}
{"body":{},"level":"info","message":"GET /users?page=1&limit=9","service":"user-service"}
{"body":{},"level":"info","message":"GET /admin","service":"user-service"}
{"body":{},"level":"info","message":"GET /users?page=1&limit=12","service":"user-service"}
{"body":{},"level":"info","message":"GET /user/8","service":"user-service"}
{"body":{},"level":"info","message":"GET /user/1","service":"user-service"}
{"body":{},"level":"info","message":"GET /user/5","service":"user-service"}
{"body":{},"level":"info","message":"GET /user/1","service":"user-service"}
{"body":{},"level":"info","message":"GET /user/3","service":"user-service"}
{"body":{},"level":"info","message":"GET /user/5","service":"user-service"}
{"body":{},"level":"info","message":"GET /user/12","service":"user-service"}
{"body":{},"level":"info","message":"GET /task","service":"user-service"}
{"body":{"status":"pending"},"level":"info","message":"PATCH /task/2","service":"user-service"}
{"body":{},"level":"info","message":"GET /task","service":"user-service"}
{"body":{"status":"completed"},"level":"info","message":"PATCH /task/2","service":"user-service"}
{"body":{},"level":"info","message":"GET /task","service":"user-service"}
{"body":{"description":"installed all dependencies and  added animation","dueDate":"2024-05-29","taskId":"101","title":"adding animation on cards"},"level":"info","message":"POST /add","service":"user-service"}
{"body":{},"level":"info","message":"GET /task","service":"user-service"}
{"body":{},"level":"info","message":"DELETE /task/101","service":"user-service"}
{"body":{},"level":"info","message":"GET /task","service":"user-service"}
{"body":{},"level":"info","message":"GET /admin","service":"user-service"}
{"body":{},"level":"info","message":"GET /users?page=1&limit=6","service":"user-service"}
{"body":{},"level":"info","message":"GET /admin","service":"user-service"}
{"body":{},"level":"info","message":"GET /users?page=1&limit=9","service":"user-service"}
{"body":{},"level":"info","message":"GET /admin","service":"user-service"}
{"body":{},"level":"info","message":"GET /users?page=1&limit=12","service":"user-service"}
{"body":{},"level":"info","message":"GET /user/1","service":"user-service"}
{"body":{},"level":"info","message":"GET /user/2","service":"user-service"}
{"body":{},"level":"info","message":"GET /user/3","service":"user-service"}
{"body":{},"level":"info","message":"GET /user/1","service":"user-service"}
{"body":{},"level":"info","message":"GET /admin","service":"user-service"}
{"body":{},"level":"info","message":"GET /users?page=1&limit=6","service":"user-service"}
{"body":{},"level":"info","message":"GET /admin","service":"user-service"}
{"body":{},"level":"info","message":"GET /users?page=2&limit=6","service":"user-service"}
{"body":{},"level":"info","message":"GET /admin","service":"user-service"}
{"body":{},"level":"info","message":"GET /users?page=3&limit=6","service":"user-service"}
{"body":{},"level":"info","message":"GET /users?page=2&limit=6","service":"user-service"}
{"body":{},"level":"info","message":"GET /admin","service":"user-service"}
{"body":{},"level":"info","message":"GET /admin","service":"user-service"}
{"body":{},"level":"info","message":"GET /users?page=1&limit=6","service":"user-service"}
{"body":{},"level":"info","message":"GET /admin","service":"user-service"}
{"body":{},"level":"info","message":"GET /users?page=1&limit=12","service":"user-service"}
{"body":{},"level":"info","message":"GET /user/8","service":"user-service"}
{"body":{},"level":"info","message":"GET /user/8","service":"user-service"}
{"body":{},"level":"info","message":"GET /task","service":"user-service"}
{"body":{},"level":"info","message":"GET /admin","service":"user-service"}
{"body":{},"level":"info","message":"GET /users?page=1&limit=6","service":"user-service"}
{"body":{},"level":"info","message":"GET /admin","service":"user-service"}
{"body":{},"level":"info","message":"GET /users?page=2&limit=6","service":"user-service"}
{"body":{},"level":"info","message":"GET /admin","service":"user-service"}
{"body":{},"level":"info","message":"GET /users?page=2&limit=9","service":"user-service"}
